<?xml version="1.0" encoding="UTF-8"?>
<!-- Generated by org.testng.reporters.JUnitXMLReporter -->
<testsuite ignored="4" hostname="ramesh-desktop" failures="0" tests="9" name="Regression Test-Firefox" time="8.706" errors="0" timestamp="2021-08-08T21:46:34 IST">
  <testcase classname="test.BasicValidation" name="titleValidation" time="0.009"/>
  <testcase classname="test.BasicValidation" name="urlValidation" time="0.01"/>
  <testcase classname="test.LoginValidation" name="blankUsernameBlankPasswordTest" time="0.069"/>
  <testcase classname="test.LoginValidation" name="blankUsernameValidPasswordTest" time="0.106"/>
  <testcase classname="test.LoginValidation" name="invalidUsernameInvalidPasswordTest" time="0.149"/>
  <testcase classname="test.LoginValidation" name="invalidUsernameValidPasswordTest" time="0.112"/>
  <testcase classname="test.LoginValidation" name="validUsernameBlankPasswordTest" time="0.092"/>
  <testcase classname="test.LoginValidation" name="validUsernameInvalidPasswordTest" time="0.121"/>
  <testcase classname="test.LoginValidation" name="validUsernameValidPasswordTest" time="0.112"/>
  <testcase classname="test.Base" name="@BeforeTest beforeTest" time="0.0">
    <ignored/>
  </testcase> <!-- @BeforeTest beforeTest -->
  <testcase classname="test.Base" name="@BeforeTest beforeTest" time="0.0">
    <ignored/>
  </testcase> <!-- @BeforeTest beforeTest -->
  <testcase classname="test.Base" name="@AfterTest afterTest" time="0.0">
    <ignored/>
  </testcase> <!-- @AfterTest afterTest -->
  <testcase classname="test.Base" name="@AfterTest afterTest" time="0.0">
    <ignored/>
  </testcase> <!-- @AfterTest afterTest -->
</testsuite> <!-- Regression Test-Firefox -->
