<?xml version="1.0" encoding="UTF-8"?>
<!-- Generated by org.testng.reporters.JUnitXMLReporter -->
<testsuite ignored="4" hostname="ramesh-desktop" failures="0" tests="9" name="Regression Test-Chrome" time="5.856" errors="0" timestamp="2021-08-08T21:46:31 IST">
  <testcase classname="test.BasicValidation" name="titleValidation" time="0.126"/>
  <testcase classname="test.BasicValidation" name="urlValidation" time="0.045"/>
  <testcase classname="test.LoginValidation" name="blankUsernameBlankPasswordTest" time="0.379"/>
  <testcase classname="test.LoginValidation" name="blankUsernameValidPasswordTest" time="0.163"/>
  <testcase classname="test.LoginValidation" name="invalidUsernameInvalidPasswordTest" time="0.373"/>
  <testcase classname="test.LoginValidation" name="invalidUsernameValidPasswordTest" time="0.289"/>
  <testcase classname="test.LoginValidation" name="validUsernameBlankPasswordTest" time="0.277"/>
  <testcase classname="test.LoginValidation" name="validUsernameInvalidPasswordTest" time="0.251"/>
  <testcase classname="test.LoginValidation" name="validUsernameValidPasswordTest" time="0.279"/>
  <testcase classname="test.Base" name="@BeforeTest beforeTest" time="0.0">
    <ignored/>
  </testcase> <!-- @BeforeTest beforeTest -->
  <testcase classname="test.Base" name="@BeforeTest beforeTest" time="0.0">
    <ignored/>
  </testcase> <!-- @BeforeTest beforeTest -->
  <testcase classname="test.Base" name="@AfterTest afterTest" time="0.0">
    <ignored/>
  </testcase> <!-- @AfterTest afterTest -->
  <testcase classname="test.Base" name="@AfterTest afterTest" time="0.0">
    <ignored/>
  </testcase> <!-- @AfterTest afterTest -->
</testsuite> <!-- Regression Test-Chrome -->
