<?xml version="1.0" encoding="UTF-8"?>
<!-- Generated by org.testng.reporters.JUnitXMLReporter -->
<testsuite ignored="4" hostname="ramesh-desktop" failures="0" tests="9" name="Regression Test" time="4.49" errors="0" timestamp="2021-08-08T21:42:52 IST">
  <testcase classname="test.BasicValidation" name="titleValidation" time="0.019"/>
  <testcase classname="test.BasicValidation" name="urlValidation" time="0.011"/>
  <testcase classname="test.LoginValidation" name="blankUsernameBlankPasswordTest" time="0.27"/>
  <testcase classname="test.LoginValidation" name="blankUsernameValidPasswordTest" time="0.214"/>
  <testcase classname="test.LoginValidation" name="invalidUsernameInvalidPasswordTest" time="0.278"/>
  <testcase classname="test.LoginValidation" name="invalidUsernameValidPasswordTest" time="0.219"/>
  <testcase classname="test.LoginValidation" name="validUsernameBlankPasswordTest" time="0.181"/>
  <testcase classname="test.LoginValidation" name="validUsernameInvalidPasswordTest" time="0.222"/>
  <testcase classname="test.LoginValidation" name="validUsernameValidPasswordTest" time="0.219"/>
  <testcase classname="test.Base" name="@BeforeTest beforeTest" time="0.0">
    <ignored/>
  </testcase> <!-- @BeforeTest beforeTest -->
  <testcase classname="test.Base" name="@BeforeTest beforeTest" time="0.0">
    <ignored/>
  </testcase> <!-- @BeforeTest beforeTest -->
  <testcase classname="test.Base" name="@AfterTest afterTest" time="0.0">
    <ignored/>
  </testcase> <!-- @AfterTest afterTest -->
  <testcase classname="test.Base" name="@AfterTest afterTest" time="0.0">
    <ignored/>
  </testcase> <!-- @AfterTest afterTest -->
</testsuite> <!-- Regression Test -->
